<?xml version="1.0" encoding="UTF-8"?>
<!-- Generated by org.testng.reporters.JUnitXMLReporter -->
<testsuite ignored="0" hostname="DESKTOP-FCFEV9J" failures="0" tests="4" name="PetTests" time="17.608" errors="0" timestamp="2023-11-24T13:47:01 IST">
  <testcase classname="api.test.UserTests2" name="testPostUser" time="4.064"/>
  <testcase classname="api.test.UserTests2" name="testGetUserByName" time="2.201"/>
  <testcase classname="api.test.UserTests2" name="testUpdateUserByName" time="7.8"/>
  <testcase classname="api.test.UserTests2" name="testDeleteUserByName" time="2.533"/>
</testsuite> <!-- PetTests -->
