<?xml version="1.0" encoding="UTF-8"?>
<!-- Generated by org.testng.reporters.JUnitXMLReporter -->
<testsuite ignored="0" hostname="DESKTOP-FCFEV9J" failures="0" tests="4" name="PetTests" time="16.402" errors="0" timestamp="2023-11-24T05:43:46 IST">
  <testcase classname="api.test.UserTests2" name="testPostUser" time="7.454"/>
  <testcase classname="api.test.UserTests2" name="testGetUserByName" time="1.357"/>
  <testcase classname="api.test.UserTests2" name="testUpdateUserByName" time="3.045"/>
  <testcase classname="api.test.UserTests2" name="testDeleteUserByName" time="1.475"/>
</testsuite> <!-- PetTests -->
